0 info it worked if it ends with ok
1 verbose cli [ '/usr/local/bin/node', '/usr/local/bin/npm', 'run', 'deploy' ]
2 info using npm@2.14.7
3 info using node@v4.2.3
4 verbose run-script [ 'predeploy', 'deploy', 'postdeploy' ]
5 info predeploy @recipher/booking-app@0.0.0
6 info deploy @recipher/booking-app@0.0.0
7 verbose unsafe-perm in lifecycle true
8 info @recipher/booking-app@0.0.0 Failed to exec deploy script
9 verbose stack Error: @recipher/booking-app@0.0.0 deploy: `now dist`
9 verbose stack Exit status 1
9 verbose stack     at EventEmitter.<anonymous> (/usr/local/lib/node_modules/npm/lib/utils/lifecycle.js:214:16)
9 verbose stack     at emitTwo (events.js:87:13)
9 verbose stack     at EventEmitter.emit (events.js:172:7)
9 verbose stack     at ChildProcess.<anonymous> (/usr/local/lib/node_modules/npm/lib/utils/spawn.js:24:14)
9 verbose stack     at emitTwo (events.js:87:13)
9 verbose stack     at ChildProcess.emit (events.js:172:7)
9 verbose stack     at maybeClose (internal/child_process.js:818:16)
9 verbose stack     at Process.ChildProcess._handle.onexit (internal/child_process.js:211:5)
10 verbose pkgid @recipher/booking-app@0.0.0
11 verbose cwd /Users/johnny/Code/recipher/web/app/bookings
12 error Darwin 15.0.0
13 error argv "/usr/local/bin/node" "/usr/local/bin/npm" "run" "deploy"
14 error node v4.2.3
15 error npm  v2.14.7
16 error code ELIFECYCLE
17 error @recipher/booking-app@0.0.0 deploy: `now dist`
17 error Exit status 1
18 error Failed at the @recipher/booking-app@0.0.0 deploy script 'now dist'.
18 error This is most likely a problem with the @recipher/booking-app package,
18 error not with npm itself.
18 error Tell the author that this fails on your system:
18 error     now dist
18 error You can get their info via:
18 error     npm owner ls @recipher/booking-app
18 error There is likely additional logging output above.
19 verbose exit [ 1, true ]
